            filename             
---------------------------------
 202011092042_IDEMPIERE-1117.sql
(1 row)

              register_migration_script              
-----------------------------------------------------
 202011092042_IDEMPIERE-1117.sql was already applied
(1 row)

            filename             
---------------------------------
 202011101712_IDEMPIERE-4083.sql
(1 row)

CREATE VIEW
CREATE FUNCTION
              register_migration_script              
-----------------------------------------------------
 202011101712_IDEMPIERE-4083.sql was already applied
(1 row)

            filename             
---------------------------------
 202011120940_IDEMPIERE-3862.sql
(1 row)

              register_migration_script              
-----------------------------------------------------
 202011120940_IDEMPIERE-3862.sql was already applied
(1 row)

            filename             
---------------------------------
 202011121113_IDEMPIERE-4542.sql
(1 row)

UPDATE 1
UPDATE 1
UPDATE 1
UPDATE 1
UPDATE 1
              register_migration_script              
-----------------------------------------------------
 202011121113_IDEMPIERE-4542.sql was already applied
(1 row)

            filename             
---------------------------------
 202011121122_IDEMPIERE-4569.sql
(1 row)

UPDATE 1
UPDATE 1
                register_migration_script                
---------------------------------------------------------
 202011121122_IDEMPIERE-4569.sql successfully registered
(1 row)

            filename             
---------------------------------
 202011191659_IDEMPIERE-4554.sql
(1 row)

UPDATE 1
UPDATE 1
UPDATE 1
UPDATE 1
UPDATE 1
UPDATE 1
UPDATE 1
UPDATE 1
UPDATE 1
UPDATE 1
UPDATE 1
UPDATE 1
UPDATE 1
UPDATE 1
UPDATE 1
UPDATE 1
UPDATE 1
UPDATE 1
UPDATE 1
UPDATE 1
INSERT 0 1
UPDATE 1
UPDATE 1
UPDATE 1
UPDATE 1
UPDATE 1
UPDATE 1
UPDATE 1
UPDATE 1
UPDATE 1
UPDATE 1
UPDATE 26
UPDATE 26
UPDATE 25
UPDATE 1
UPDATE 1
UPDATE 1
                register_migration_script                
---------------------------------------------------------
 202011191659_IDEMPIERE-4554.sql successfully registered
(1 row)

            filename             
---------------------------------
 202011202059_IDEMPIERE-4553.sql
(1 row)

UPDATE 1
                register_migration_script                
---------------------------------------------------------
 202011202059_IDEMPIERE-4553.sql successfully registered
(1 row)

            filename             
---------------------------------
 202011221417_IDEMPIERE-4572.sql
(1 row)

INSERT 0 1
INSERT 0 1
INSERT 0 1
                register_migration_script                
---------------------------------------------------------
 202011221417_IDEMPIERE-4572.sql successfully registered
(1 row)

            filename             
---------------------------------
 202011241451_IDEMPIERE-4566.sql
(1 row)

UPDATE 1
UPDATE 1
UPDATE 1
UPDATE 1
UPDATE 1
UPDATE 1
INSERT 0 1
INSERT 0 1
INSERT 0 1
UPDATE 1
UPDATE 1
UPDATE 1
UPDATE 1
UPDATE 1
UPDATE 1
UPDATE 1
UPDATE 1
UPDATE 1
UPDATE 1
UPDATE 1
UPDATE 1
UPDATE 1
UPDATE 1
UPDATE 1
UPDATE 1
UPDATE 1
UPDATE 1
UPDATE 1
UPDATE 1
UPDATE 1
UPDATE 1
UPDATE 1
UPDATE 1
UPDATE 1
UPDATE 1
UPDATE 1
UPDATE 1
UPDATE 1
UPDATE 1
UPDATE 1
UPDATE 1
UPDATE 1
UPDATE 1
UPDATE 1
UPDATE 1
UPDATE 1
UPDATE 1
UPDATE 1
UPDATE 1
UPDATE 1
UPDATE 1
UPDATE 1
UPDATE 1
UPDATE 1
UPDATE 1
UPDATE 1
UPDATE 1
UPDATE 1
UPDATE 1
UPDATE 1
UPDATE 1
UPDATE 1
UPDATE 1
UPDATE 1
UPDATE 1
INSERT 0 1
INSERT 0 1
UPDATE 1
UPDATE 1
INSERT 0 1
INSERT 0 1
INSERT 0 1
INSERT 0 1
INSERT 0 1
INSERT 0 1
INSERT 0 1
INSERT 0 1
INSERT 0 1
INSERT 0 1
UPDATE 1
INSERT 0 1
INSERT 0 1
UPDATE 1
UPDATE 1
UPDATE 1
UPDATE 1
INSERT 0 1
UPDATE 1
UPDATE 1
UPDATE 1
UPDATE 1
UPDATE 1
UPDATE 1
UPDATE 1
UPDATE 1
                register_migration_script                
---------------------------------------------------------
 202011241451_IDEMPIERE-4566.sql successfully registered
(1 row)

            filename             
---------------------------------
 202011260936_IDEMPIERE-4567.sql
(1 row)

UPDATE 2
                register_migration_script                
---------------------------------------------------------
 202011260936_IDEMPIERE-4567.sql successfully registered
(1 row)

            filename             
---------------------------------
 01_add_missing_translations.sql
(1 row)

CREATE FUNCTION
 add_missing_translations 
--------------------------
 
(1 row)

           filename            
-------------------------------
 02_SynchronizeTerminology.sql
(1 row)

INSERT 0 0
UPDATE 0
UPDATE 0
UPDATE 0
UPDATE 110
UPDATE 370
UPDATE 110
UPDATE 370
UPDATE 0
UPDATE 0
UPDATE 0
UPDATE 0
UPDATE 0
UPDATE 16
UPDATE 0
UPDATE 1
UPDATE 4
UPDATE 0
UPDATE 0
UPDATE 1
UPDATE 4
UPDATE 0
UPDATE 0
UPDATE 0
UPDATE 0
UPDATE 0
UPDATE 0
UPDATE 360
UPDATE 1440
UPDATE 319
UPDATE 1276
UPDATE 34
UPDATE 136
UPDATE 12
UPDATE 48
UPDATE 3
UPDATE 12
UPDATE 1
UPDATE 4
UPDATE 0
UPDATE 0
UPDATE 0
UPDATE 67
UPDATE 277
        filename         
-------------------------
 03_update_sequences.sql
(1 row)

CREATE FUNCTION
 update_sequences 
------------------
 
(1 row)

         filename          
---------------------------
 04_role_access_update.sql
(1 row)

CREATE FUNCTION
 role_access_update 
--------------------
 
(1 row)

COMMIT
