            filename             
---------------------------------
 202001180600_IDEMPIERE-4628.sql
(1 row)

INSERT 0 1
INSERT 0 1
UPDATE 1
                register_migration_script                
---------------------------------------------------------
 202001180600_IDEMPIERE-4628.sql successfully registered
 202001180600_IDEMPIERE-4628.sql was already applied
(2 rows)

            filename             
---------------------------------
 202101131048_IDEMPIERE-4645.sql
(1 row)

INSERT 0 1
INSERT 0 1
INSERT 0 1
INSERT 0 1
INSERT 0 1
INSERT 0 1
INSERT 0 1
INSERT 0 1
UPDATE 1
                register_migration_script                
---------------------------------------------------------
 202101131048_IDEMPIERE-4645.sql successfully registered
 202101131048_IDEMPIERE-4645.sql was already applied
(2 rows)

            filename             
---------------------------------
 202101152101_IDEMPIERE-4650.sql
(1 row)

UPDATE 1
UPDATE 0
UPDATE 1
UPDATE 1
                register_migration_script                
---------------------------------------------------------
 202101152101_IDEMPIERE-4650.sql successfully registered
 202101152101_IDEMPIERE-4650.sql was already applied
(2 rows)

            filename             
---------------------------------
 202101190630_IDEMPIERE-4653.sql
(1 row)

INSERT 0 1
                register_migration_script                
---------------------------------------------------------
 202101190630_IDEMPIERE-4653.sql successfully registered
 202101190630_IDEMPIERE-4653.sql was already applied
(2 rows)

            filename             
---------------------------------
 01_add_missing_translations.sql
(1 row)

CREATE FUNCTION
 add_missing_translations 
--------------------------
 
(1 row)

           filename            
-------------------------------
 02_SynchronizeTerminology.sql
(1 row)

INSERT 0 0
UPDATE 0
UPDATE 0
UPDATE 0
UPDATE 115
UPDATE 155
UPDATE 115
UPDATE 155
UPDATE 0
UPDATE 0
UPDATE 0
UPDATE 0
UPDATE 0
UPDATE 0
UPDATE 0
UPDATE 1
UPDATE 2
UPDATE 0
UPDATE 0
UPDATE 1
UPDATE 2
UPDATE 165
UPDATE 127
UPDATE 0
UPDATE 180
UPDATE 0
UPDATE 0
UPDATE 388
UPDATE 776
UPDATE 358
UPDATE 716
UPDATE 51
UPDATE 102
UPDATE 21
UPDATE 42
UPDATE 3
UPDATE 6
UPDATE 4
UPDATE 8
UPDATE 0
UPDATE 0
UPDATE 0
UPDATE 67
UPDATE 140
        filename         
-------------------------
 03_update_sequences.sql
(1 row)

CREATE FUNCTION
 update_sequences 
------------------
 
(1 row)

         filename          
---------------------------
 04_role_access_update.sql
(1 row)

CREATE FUNCTION
 role_access_update 
--------------------
 
(1 row)

COMMIT
